[2023-09-25 13:01:36] [31merror[39m: r3Ij5 1000000 GET [33m400[0m /favicon.ico 1.761 ms
[2023-09-25 13:01:36] [31merror[39m: Error writing request file for request r3Ij5
[2023-09-25 13:29:11] [31merror[39m: HvrLt 1000000 GET [33m400[0m /favicon.ico 1.934 ms
[2023-09-25 13:29:11] [31merror[39m: Error writing request file for request HvrLt
[2023-09-25 13:34:43] [31merror[39m: qZc9w 1000000 GET [33m400[0m /favicon.ico 1.817 ms
[2023-09-25 13:34:43] [31merror[39m: Error writing request file for request qZc9w
[2023-09-25 13:36:28] [31merror[39m: yFWY8 - POST [33m400[0m /graphql 2.799 ms
[2023-09-25 13:36:28] [31merror[39m: Error writing request file for request yFWY8
[2023-09-25 13:36:48] [31merror[39m: r_wqB - POST [33m400[0m /graphql 2.977 ms
[2023-09-25 13:36:48] [31merror[39m: Error writing request file for request r_wqB
[2023-09-25 13:37:56] [31merror[39m: glP0z 1000000 GET [33m400[0m /favicon.ico 0.731 ms
[2023-09-25 13:37:56] [31merror[39m: Error writing request file for request glP0z
[2023-09-25 13:42:50] [31merror[39m: PvgAM 1000000 GET [33m400[0m /favicon.ico 1.954 ms
[2023-09-25 13:42:50] [31merror[39m: Error writing request file for request PvgAM
[2023-09-25 14:36:46] [31merror[39m: 3_F6F 1000000 GET [33m400[0m /favicon.ico 1.709 ms
[2023-09-25 14:36:46] [31merror[39m: Error writing request file for request 3_F6F
[2023-09-25 15:19:39] [31merror[39m: JJxFa 1000000 GET [33m400[0m /favicon.ico 1.240 ms
[2023-09-25 15:19:39] [31merror[39m: Error writing request file for request JJxFa
[2023-09-25 15:32:40] [31merror[39m: iW9Gf - POST [33m400[0m /graphql 3.527 ms
[2023-09-25 15:32:40] [31merror[39m: Error writing request file for request iW9Gf
[2023-09-27 12:01:37] [31merror[39m: qXz8U - POST [33m400[0m /graphql 12.563 ms
[2023-09-27 12:01:37] [31merror[39m: Error writing request file for request qXz8U
[2023-10-10 15:22:29] [31merror[39m: IZMhJ - POST [33m403[0m /graphql 5.098 ms
[2023-10-10 15:22:29] [31merror[39m: Error writing request file for request IZMhJ
[2023-10-10 15:30:27] [31merror[39m: tOduh - POST [33m403[0m /graphql 3.584 ms
[2023-10-10 15:30:27] [31merror[39m: Error writing request file for request tOduh
[2023-10-10 15:32:18] [31merror[39m: 9IKSl - POST [33m403[0m /graphql 2.952 ms
[2023-10-10 15:32:18] [31merror[39m: Error writing request file for request 9IKSl
[2023-10-10 15:33:15] [31merror[39m: DgiAt - POST [33m403[0m /graphql 1.235 ms
[2023-10-10 15:33:15] [31merror[39m: Error writing request file for request DgiAt
[2023-10-10 15:33:35] [31merror[39m: qfi7w - POST [33m403[0m /graphql 1.564 ms
[2023-10-10 15:33:35] [31merror[39m: Error writing request file for request qfi7w
[2023-10-10 15:34:05] [31merror[39m: NOhwU - POST [33m403[0m /graphql 1.460 ms
[2023-10-10 15:34:05] [31merror[39m: Error writing request file for request NOhwU
[2023-10-10 15:37:23] [31merror[39m: 7r-Tb - POST [33m403[0m /graphql 1.555 ms
[2023-10-10 15:37:23] [31merror[39m: Error writing request file for request 7r-Tb
[2023-10-10 15:37:29] [31merror[39m: 0Z4yw - POST [33m403[0m /graphql 4.291 ms
[2023-10-10 15:37:29] [31merror[39m: Error writing request file for request 0Z4yw
[2023-10-10 15:37:44] [31merror[39m: qv4HM - POST [33m403[0m /graphql 1.312 ms
[2023-10-10 15:37:44] [31merror[39m: Error writing request file for request qv4HM
[2023-10-10 15:37:46] [31merror[39m: Ed9Py - POST [33m403[0m /graphql 1.704 ms
[2023-10-10 15:37:46] [31merror[39m: Error writing request file for request Ed9Py
[2023-10-10 15:38:00] [31merror[39m: kbFUP - POST [33m403[0m /graphql 4.326 ms
[2023-10-10 15:38:00] [31merror[39m: Error writing request file for request kbFUP
